Content-Type: text/plain; charset="utf-8"
MIME-Version: 1.0
Content-Transfer-Encoding: 8bit
Subject: Password reset on 127.0.0.1:8000
From: webmaster@localhost
To: abc@gmail.com
Date: Sun, 25 Oct 2020 16:43:44 -0000
Message-ID: <160364422485.8812.15177043869055221320@MSI>


You're receiving this email because you requested a password reset for your user account at 127.0.0.1:8000.

Please go to the following page and choose a new password:

http://127.0.0.1:8000/reset/Mw/acbzow-6ecc58df1069cb954e51415d3b0310c1/

Your username, in case you’ve forgotten: abc

Thanks for using our site!

The 127.0.0.1:8000 team



-------------------------------------------------------------------------------
Content-Type: text/plain; charset="utf-8"
MIME-Version: 1.0
Content-Transfer-Encoding: 8bit
Subject: Password reset on 127.0.0.1:8000
From: webmaster@localhost
To: abc@gmail.com
Date: Sun, 25 Oct 2020 16:43:44 -0000
Message-ID: <160364422486.8812.18123512150795331672@MSI>


You're receiving this email because you requested a password reset for your user account at 127.0.0.1:8000.

Please go to the following page and choose a new password:

http://127.0.0.1:8000/reset/OA/acbzow-0c70d5cc264fe12df2d41a0b0b5e7bc0/

Your username, in case you’ve forgotten: abc4

Thanks for using our site!

The 127.0.0.1:8000 team



-------------------------------------------------------------------------------
