Content-Type: text/plain; charset="utf-8"
MIME-Version: 1.0
Content-Transfer-Encoding: 8bit
Subject: Password reset on 127.0.0.1:8000
From: webmaster@localhost
To: abc@gmail.com
Date: Sun, 25 Oct 2020 23:19:14 -0000
Message-ID: <160366795470.1620.14459990712452975612@MSI>


You're receiving this email because you requested a password reset for your user account at 127.0.0.1:8000.

Please go to the following page and choose a new password:

http://127.0.0.1:8000/reset/Mw/acci02-52510e4ba3bd0fb3ed59ccce349c27dd/

Your username, in case you’ve forgotten: abc

Thanks for using our site!

The 127.0.0.1:8000 team



-------------------------------------------------------------------------------
Content-Type: text/plain; charset="utf-8"
MIME-Version: 1.0
Content-Transfer-Encoding: 8bit
Subject: Password reset on 127.0.0.1:8000
From: webmaster@localhost
To: abc@gmail.com
Date: Sun, 25 Oct 2020 23:19:14 -0000
Message-ID: <160366795471.1620.1322324159660504575@MSI>


You're receiving this email because you requested a password reset for your user account at 127.0.0.1:8000.

Please go to the following page and choose a new password:

http://127.0.0.1:8000/reset/OA/acci02-cb6c8a3457ab44212f4284a0cb86ac71/

Your username, in case you’ve forgotten: abc4

Thanks for using our site!

The 127.0.0.1:8000 team



-------------------------------------------------------------------------------
