Content-Type: text/plain; charset="utf-8"
MIME-Version: 1.0
Content-Transfer-Encoding: 8bit
Subject: Password reset on 127.0.0.1:8000
From: webmaster@localhost
To: abc@gmail.com
Date: Sun, 25 Oct 2020 21:37:26 -0000
Message-ID: <160366184699.12716.12394175272711175886@MSI>


You're receiving this email because you requested a password reset for your user account at 127.0.0.1:8000.

Please go to the following page and choose a new password:

http://127.0.0.1:8000/reset/Mw/accdae-3b862a3de0168abec6693281fc1afdf3/

Your username, in case you’ve forgotten: abc

Thanks for using our site!

The 127.0.0.1:8000 team



-------------------------------------------------------------------------------
Content-Type: text/plain; charset="utf-8"
MIME-Version: 1.0
Content-Transfer-Encoding: 8bit
Subject: Password reset on 127.0.0.1:8000
From: webmaster@localhost
To: abc@gmail.com
Date: Sun, 25 Oct 2020 21:37:27 -0000
Message-ID: <160366184700.12716.16284035706416496879@MSI>


You're receiving this email because you requested a password reset for your user account at 127.0.0.1:8000.

Please go to the following page and choose a new password:

http://127.0.0.1:8000/reset/OA/accdae-a6db82a072906e4dd5d19c94adc94f4c/

Your username, in case you’ve forgotten: abc4

Thanks for using our site!

The 127.0.0.1:8000 team



-------------------------------------------------------------------------------
